<?xml version="1.0" encoding="UTF-8"?>
<!-- Generated by org.testng.reporters.JUnitXMLReporter -->
<testsuite ignored="0" hostname="WIN-LBNT6FI2OHU" failures="0" tests="9" name="HRM Tests" time="67.08" errors="0" timestamp="2022-05-13T12:37:15 IST">
  <testcase classname="hrm.project.Activity1" name="verifyTitle" time="0.016"/>
  <testcase classname="hrm.project.Activity2" name="getHeaderURL" time="0.078"/>
  <testcase classname="hrm.project.Activity3" name="login" time="0.723"/>
  <testcase classname="hrm.project.Activity4" name="addEmployee" time="4.218"/>
  <testcase classname="hrm.project.Activity5" name="editEmployeeDetails" time="4.056"/>
  <testcase classname="hrm.project.Activity6" name="directoryTest" time="5.196"/>
  <testcase classname="hrm.project.Activity7" name="addQualificationTest" time="4.676"/>
  <testcase classname="hrm.project.Activity8" name="applyLeaveTest" time="5.848"/>
  <testcase classname="hrm.project.Activity9" name="emergencyContactTest" time="4.321"/>
</testsuite> <!-- HRM Tests -->
